This is pdfTeX, Version 3.14159265-2.6-1.40.18 (TeX Live 2017) (preloaded format=pdflatex 2017.5.23)  26 SEP 2017 23:28
entering extended mode
 restricted \write18 enabled.
 file:line:error style messages enabled.
 %&-line parsing enabled.
**"Assignment 1.tex"
(./Assignment 1.tex
LaTeX2e <2017-04-15>
Babel <3.10> and hyphenation patterns for 84 language(s) loaded.
(/usr/local/texlive/2017/texmf-dist/tex/latex/base/article.cls
Document Class: article 2014/09/29 v1.4h Standard LaTeX document class
(/usr/local/texlive/2017/texmf-dist/tex/latex/base/size11.clo
File: size11.clo 2014/09/29 v1.4h Standard LaTeX file (size option)
)
\c@part=\count79
\c@section=\count80
\c@subsection=\count81
\c@subsubsection=\count82
\c@paragraph=\count83
\c@subparagraph=\count84
\c@figure=\count85
\c@table=\count86
\abovecaptionskip=\skip41
\belowcaptionskip=\skip42
\bibindent=\dimen102
)
(/usr/local/texlive/2017/texmf-dist/tex/latex/geometry/geometry.sty
Package: geometry 2010/09/12 v5.6 Page Geometry

(/usr/local/texlive/2017/texmf-dist/tex/latex/graphics/keyval.sty
Package: keyval 2014/10/28 v1.15 key=value parser (DPC)
\KV@toks@=\toks14
)
(/usr/local/texlive/2017/texmf-dist/tex/generic/oberdiek/ifpdf.sty
Package: ifpdf 2017/03/15 v3.2 Provides the ifpdf switch
)
(/usr/local/texlive/2017/texmf-dist/tex/generic/oberdiek/ifvtex.sty
Package: ifvtex 2016/05/16 v1.6 Detect VTeX and its facilities (HO)
Package ifvtex Info: VTeX not detected.
)
(/usr/local/texlive/2017/texmf-dist/tex/generic/ifxetex/ifxetex.sty
Package: ifxetex 2010/09/12 v0.6 Provides ifxetex conditional
)
\Gm@cnth=\count87
\Gm@cntv=\count88
\c@Gm@tempcnt=\count89
\Gm@bindingoffset=\dimen103
\Gm@wd@mp=\dimen104
\Gm@odd@mp=\dimen105
\Gm@even@mp=\dimen106
\Gm@layoutwidth=\dimen107
\Gm@layoutheight=\dimen108
\Gm@layouthoffset=\dimen109
\Gm@layoutvoffset=\dimen110
\Gm@dimlist=\toks15
)
(/usr/local/texlive/2017/texmf-dist/tex/latex/parskip/parskip.sty
Package: parskip 2001/04/09 non-zero parskip adjustments
)
(/usr/local/texlive/2017/texmf-dist/tex/latex/graphics/graphicx.sty
Package: graphicx 2014/10/28 v1.0g Enhanced LaTeX Graphics (DPC,SPQR)

(/usr/local/texlive/2017/texmf-dist/tex/latex/graphics/graphics.sty
Package: graphics 2017/04/14 v1.1b Standard LaTeX Graphics (DPC,SPQR)

(/usr/local/texlive/2017/texmf-dist/tex/latex/graphics/trig.sty
Package: trig 2016/01/03 v1.10 sin cos tan (DPC)
)
(/usr/local/texlive/2017/texmf-dist/tex/latex/graphics-cfg/graphics.cfg
File: graphics.cfg 2016/06/04 v1.11 sample graphics configuration
)
Package graphics Info: Driver file: pdftex.def on input line 99.

(/usr/local/texlive/2017/texmf-dist/tex/latex/graphics-def/pdftex.def
File: pdftex.def 2017/01/12 v0.06k Graphics/color for pdfTeX

(/usr/local/texlive/2017/texmf-dist/tex/generic/oberdiek/infwarerr.sty
Package: infwarerr 2016/05/16 v1.4 Providing info/warning/error messages (HO)
)
(/usr/local/texlive/2017/texmf-dist/tex/generic/oberdiek/ltxcmds.sty
Package: ltxcmds 2016/05/16 v1.23 LaTeX kernel commands for general use (HO)
)
\Gread@gobject=\count90
))
\Gin@req@height=\dimen111
\Gin@req@width=\dimen112
)
(/usr/local/texlive/2017/texmf-dist/tex/latex/amsfonts/amssymb.sty
Package: amssymb 2013/01/14 v3.01 AMS font symbols

(/usr/local/texlive/2017/texmf-dist/tex/latex/amsfonts/amsfonts.sty
Package: amsfonts 2013/01/14 v3.01 Basic AMSFonts support
\@emptytoks=\toks16
\symAMSa=\mathgroup4
\symAMSb=\mathgroup5
LaTeX Font Info:    Overwriting math alphabet `\mathfrak' in version `bold'
(Font)                  U/euf/m/n --> U/euf/b/n on input line 106.
))
(/usr/local/texlive/2017/texmf-dist/tex/latex/float/float.sty
Package: float 2001/11/08 v1.3d Float enhancements (AL)
\c@float@type=\count91
\float@exts=\toks17
\float@box=\box26
\@float@everytoks=\toks18
\@floatcapt=\box27
)
(/usr/local/texlive/2017/texmf-dist/tex/latex/caption/subcaption.sty
Package: subcaption 2016/05/22 v1.1-161 Sub-captions (AR)

(/usr/local/texlive/2017/texmf-dist/tex/latex/caption/caption.sty
Package: caption 2016/02/21 v3.3-144 Customizing captions (AR)

(/usr/local/texlive/2017/texmf-dist/tex/latex/caption/caption3.sty
Package: caption3 2016/05/22 v1.7-166 caption3 kernel (AR)
Package caption3 Info: TeX engine: e-TeX on input line 67.
\captionmargin=\dimen113
\captionmargin@=\dimen114
\captionwidth=\dimen115
\caption@tempdima=\dimen116
\caption@indent=\dimen117
\caption@parindent=\dimen118
\caption@hangindent=\dimen119
)
\c@ContinuedFloat=\count92
Package caption Info: float package is loaded.
)
\c@subfigure=\count93
\c@subtable=\count94
)
(./Assignment 1.aux

LaTeX Warning: Label `fig:method' multiply defined.


LaTeX Warning: Label `fig:method' multiply defined.


LaTeX Warning: Label `fig:method' multiply defined.


LaTeX Warning: Label `fig:method' multiply defined.


LaTeX Warning: Label `fig:method' multiply defined.


LaTeX Warning: Label `fig:method' multiply defined.


LaTeX Warning: Label `fig:method' multiply defined.


LaTeX Warning: Label `fig:method' multiply defined.


LaTeX Warning: Label `fig:method' multiply defined.


LaTeX Warning: Label `sub@fig:method' multiply defined.


LaTeX Warning: Label `fig:method' multiply defined.


LaTeX Warning: Label `sub@fig:method' multiply defined.


LaTeX Warning: Label `fig:method' multiply defined.


LaTeX Warning: Label `sub@fig:method' multiply defined.


LaTeX Warning: Label `fig:method' multiply defined.


LaTeX Warning: Label `sub@fig:method' multiply defined.


LaTeX Warning: Label `fig:method' multiply defined.


LaTeX Warning: Label `sub@fig:method' multiply defined.


LaTeX Warning: Label `fig:method' multiply defined.


LaTeX Warning: Label `sub@fig:method' multiply defined.


LaTeX Warning: Label `fig:method' multiply defined.


LaTeX Warning: Label `sub@fig:method' multiply defined.


LaTeX Warning: Label `fig:method' multiply defined.


LaTeX Warning: Label `sub@fig:method' multiply defined.


LaTeX Warning: Label `fig:method' multiply defined.


LaTeX Warning: Label `sub@fig:method' multiply defined.


LaTeX Warning: Label `fig:method' multiply defined.


LaTeX Warning: Label `sub@fig:method' multiply defined.


LaTeX Warning: Label `fig:method' multiply defined.


LaTeX Warning: Label `sub@fig:method' multiply defined.


LaTeX Warning: Label `fig:method' multiply defined.


LaTeX Warning: Label `sub@fig:method' multiply defined.


LaTeX Warning: Label `fig:method' multiply defined.


LaTeX Warning: Label `sub@fig:method' multiply defined.


LaTeX Warning: Label `fig:method' multiply defined.


LaTeX Warning: Label `sub@fig:method' multiply defined.


LaTeX Warning: Label `fig:method' multiply defined.


LaTeX Warning: Label `sub@fig:method' multiply defined.


LaTeX Warning: Label `fig:method' multiply defined.


LaTeX Warning: Label `sub@fig:method' multiply defined.


LaTeX Warning: Label `fig:method' multiply defined.


LaTeX Warning: Label `sub@fig:method' multiply defined.


LaTeX Warning: Label `fig:method' multiply defined.


LaTeX Warning: Label `sub@fig:method' multiply defined.


LaTeX Warning: Label `fig:method' multiply defined.


LaTeX Warning: Label `sub@fig:method' multiply defined.


LaTeX Warning: Label `fig:method' multiply defined.


LaTeX Warning: Label `sub@fig:method' multiply defined.


LaTeX Warning: Label `fig:method' multiply defined.


LaTeX Warning: Label `sub@fig:method' multiply defined.


LaTeX Warning: Label `fig:method' multiply defined.


LaTeX Warning: Label `sub@fig:method' multiply defined.


LaTeX Warning: Label `fig:method' multiply defined.


LaTeX Warning: Label `sub@fig:method' multiply defined.


LaTeX Warning: Label `fig:method' multiply defined.


LaTeX Warning: Label `sub@fig:method' multiply defined.


LaTeX Warning: Label `fig:method' multiply defined.


LaTeX Warning: Label `sub@fig:method' multiply defined.


LaTeX Warning: Label `fig:method' multiply defined.


LaTeX Warning: Label `sub@fig:method' multiply defined.


LaTeX Warning: Label `fig:method' multiply defined.


LaTeX Warning: Label `sub@fig:method' multiply defined.


LaTeX Warning: Label `fig:method' multiply defined.


LaTeX Warning: Label `sub@fig:method' multiply defined.


LaTeX Warning: Label `fig:method' multiply defined.


LaTeX Warning: Label `sub@fig:method' multiply defined.


LaTeX Warning: Label `fig:method' multiply defined.


LaTeX Warning: Label `sub@fig:method' multiply defined.


LaTeX Warning: Label `fig:method' multiply defined.


LaTeX Warning: Label `sub@fig:method' multiply defined.


LaTeX Warning: Label `fig:method' multiply defined.


LaTeX Warning: Label `sub@fig:method' multiply defined.


LaTeX Warning: Label `fig:method' multiply defined.


LaTeX Warning: Label `sub@fig:method' multiply defined.


LaTeX Warning: Label `fig:method' multiply defined.


LaTeX Warning: Label `sub@fig:method' multiply defined.


LaTeX Warning: Label `fig:method' multiply defined.


LaTeX Warning: Label `sub@fig:method' multiply defined.


LaTeX Warning: Label `fig:method' multiply defined.


LaTeX Warning: Label `sub@fig:method' multiply defined.


LaTeX Warning: Label `fig:method' multiply defined.


LaTeX Warning: Label `sub@fig:method' multiply defined.


LaTeX Warning: Label `fig:method' multiply defined.


LaTeX Warning: Label `sub@fig:method' multiply defined.


LaTeX Warning: Label `fig:method' multiply defined.


LaTeX Warning: Label `sub@fig:method' multiply defined.


LaTeX Warning: Label `fig:method' multiply defined.


LaTeX Warning: Label `sub@fig:method' multiply defined.


LaTeX Warning: Label `fig:method' multiply defined.


LaTeX Warning: Label `sub@fig:method' multiply defined.


LaTeX Warning: Label `fig:method' multiply defined.


LaTeX Warning: Label `sub@fig:method' multiply defined.


LaTeX Warning: Label `fig:method' multiply defined.


LaTeX Warning: Label `sub@fig:method' multiply defined.


LaTeX Warning: Label `fig:method' multiply defined.


LaTeX Warning: Label `sub@fig:method' multiply defined.


LaTeX Warning: Label `fig:method' multiply defined.


LaTeX Warning: Label `sub@fig:method' multiply defined.


LaTeX Warning: Label `fig:method' multiply defined.


LaTeX Warning: Label `sub@fig:method' multiply defined.


LaTeX Warning: Label `fig:method' multiply defined.


LaTeX Warning: Label `sub@fig:method' multiply defined.


LaTeX Warning: Label `fig:method' multiply defined.


LaTeX Warning: Label `sub@fig:method' multiply defined.


LaTeX Warning: Label `fig:method' multiply defined.


LaTeX Warning: Label `sub@fig:method' multiply defined.


LaTeX Warning: Label `fig:method' multiply defined.


LaTeX Warning: Label `sub@fig:method' multiply defined.


LaTeX Warning: Label `fig:method' multiply defined.


LaTeX Warning: Label `sub@fig:method' multiply defined.


LaTeX Warning: Label `fig:method' multiply defined.


LaTeX Warning: Label `sub@fig:method' multiply defined.


LaTeX Warning: Label `fig:method' multiply defined.


LaTeX Warning: Label `sub@fig:method' multiply defined.


LaTeX Warning: Label `fig:method' multiply defined.


LaTeX Warning: Label `sub@fig:method' multiply defined.


LaTeX Warning: Label `fig:method' multiply defined.


LaTeX Warning: Label `sub@fig:method' multiply defined.


LaTeX Warning: Label `fig:method' multiply defined.


LaTeX Warning: Label `sub@fig:method' multiply defined.


LaTeX Warning: Label `fig:method' multiply defined.


LaTeX Warning: Label `sub@fig:method' multiply defined.


LaTeX Warning: Label `fig:method' multiply defined.


LaTeX Warning: Label `sub@fig:method' multiply defined.


LaTeX Warning: Label `fig:method' multiply defined.


LaTeX Warning: Label `sub@fig:method' multiply defined.


LaTeX Warning: Label `fig:method' multiply defined.


LaTeX Warning: Label `sub@fig:method' multiply defined.


LaTeX Warning: Label `fig:method' multiply defined.


LaTeX Warning: Label `sub@fig:method' multiply defined.


LaTeX Warning: Label `fig:method' multiply defined.


LaTeX Warning: Label `sub@fig:method' multiply defined.


LaTeX Warning: Label `fig:method' multiply defined.


LaTeX Warning: Label `sub@fig:method' multiply defined.

)
\openout1 = `"Assignment 1.aux"'.

LaTeX Font Info:    Checking defaults for OML/cmm/m/it on input line 22.
LaTeX Font Info:    ... okay on input line 22.
LaTeX Font Info:    Checking defaults for T1/cmr/m/n on input line 22.
LaTeX Font Info:    ... okay on input line 22.
LaTeX Font Info:    Checking defaults for OT1/cmr/m/n on input line 22.
LaTeX Font Info:    ... okay on input line 22.
LaTeX Font Info:    Checking defaults for OMS/cmsy/m/n on input line 22.
LaTeX Font Info:    ... okay on input line 22.
LaTeX Font Info:    Checking defaults for OMX/cmex/m/n on input line 22.
LaTeX Font Info:    ... okay on input line 22.
LaTeX Font Info:    Checking defaults for U/cmr/m/n on input line 22.
LaTeX Font Info:    ... okay on input line 22.

*geometry* driver: auto-detecting
*geometry* detected driver: pdftex
*geometry* verbose mode - [ preamble ] result:
* driver: pdftex
* paper: letterpaper
* layout: <same size as paper>
* layoutoffset:(h,v)=(0.0pt,0.0pt)
* modes: 
* h-part:(L,W,R)=(72.26999pt, 469.75502pt, 72.26999pt)
* v-part:(T,H,B)=(72.26999pt, 650.43001pt, 72.26999pt)
* \paperwidth=614.295pt
* \paperheight=794.96999pt
* \textwidth=469.75502pt
* \textheight=650.43001pt
* \oddsidemargin=0.0pt
* \evensidemargin=0.0pt
* \topmargin=-37.0pt
* \headheight=12.0pt
* \headsep=25.0pt
* \topskip=11.0pt
* \footskip=30.0pt
* \marginparwidth=59.0pt
* \marginparsep=10.0pt
* \columnsep=10.0pt
* \skip\footins=10.0pt plus 4.0pt minus 2.0pt
* \hoffset=0.0pt
* \voffset=0.0pt
* \mag=1000
* \@twocolumnfalse
* \@twosidefalse
* \@mparswitchfalse
* \@reversemarginfalse
* (1in=72.27pt=25.4mm, 1cm=28.453pt)

(/usr/local/texlive/2017/texmf-dist/tex/context/base/mkii/supp-pdf.mkii
[Loading MPS to PDF converter (version 2006.09.02).]
\scratchcounter=\count95
\scratchdimen=\dimen120
\scratchbox=\box28
\nofMPsegments=\count96
\nofMParguments=\count97
\everyMPshowfont=\toks19
\MPscratchCnt=\count98
\MPscratchDim=\dimen121
\MPnumerator=\count99
\makeMPintoPDFobject=\count100
\everyMPtoPDFconversion=\toks20
) (/usr/local/texlive/2017/texmf-dist/tex/generic/oberdiek/pdftexcmds.sty
Package: pdftexcmds 2017/03/19 v0.25 Utility functions of pdfTeX for LuaTeX (HO
)

(/usr/local/texlive/2017/texmf-dist/tex/generic/oberdiek/ifluatex.sty
Package: ifluatex 2016/05/16 v1.4 Provides the ifluatex switch (HO)
Package ifluatex Info: LuaTeX not detected.
)
Package pdftexcmds Info: LuaTeX not detected.
Package pdftexcmds Info: \pdf@primitive is available.
Package pdftexcmds Info: \pdf@ifprimitive is available.
Package pdftexcmds Info: \pdfdraftmode found.
)
(/usr/local/texlive/2017/texmf-dist/tex/latex/oberdiek/epstopdf-base.sty
Package: epstopdf-base 2016/05/15 v2.6 Base part for package epstopdf

(/usr/local/texlive/2017/texmf-dist/tex/latex/oberdiek/grfext.sty
Package: grfext 2016/05/16 v1.2 Manage graphics extensions (HO)

(/usr/local/texlive/2017/texmf-dist/tex/generic/oberdiek/kvdefinekeys.sty
Package: kvdefinekeys 2016/05/16 v1.4 Define keys (HO)
))
(/usr/local/texlive/2017/texmf-dist/tex/latex/oberdiek/kvoptions.sty
Package: kvoptions 2016/05/16 v3.12 Key value format for package options (HO)

(/usr/local/texlive/2017/texmf-dist/tex/generic/oberdiek/kvsetkeys.sty
Package: kvsetkeys 2016/05/16 v1.17 Key value parser (HO)

(/usr/local/texlive/2017/texmf-dist/tex/generic/oberdiek/etexcmds.sty
Package: etexcmds 2016/05/16 v1.6 Avoid name clashes with e-TeX commands (HO)
Package etexcmds Info: Could not find \expanded.
(etexcmds)             That can mean that you are not using pdfTeX 1.50 or
(etexcmds)             that some package has redefined \expanded.
(etexcmds)             In the latter case, load this package earlier.
)))
Package epstopdf-base Info: Redefining graphics rule for `.eps' on input line 4
38.
Package grfext Info: Graphics extension search list:
(grfext)             [.png,.pdf,.jpg,.mps,.jpeg,.jbig2,.jb2,.PNG,.PDF,.JPG,.JPE
G,.JBIG2,.JB2,.eps]
(grfext)             \AppendGraphicsExtensions on input line 456.

(/usr/local/texlive/2017/texmf-dist/tex/latex/latexconfig/epstopdf-sys.cfg
File: epstopdf-sys.cfg 2010/07/13 v1.3 Configuration of (r)epstopdf for TeX Liv
e
))
Package caption Info: Begin \AtBeginDocument code.
Package caption Info: End \AtBeginDocument code.
LaTeX Font Info:    Try loading font information for U+msa on input line 23.

(/usr/local/texlive/2017/texmf-dist/tex/latex/amsfonts/umsa.fd
File: umsa.fd 2013/01/14 v3.01 AMS symbols A
)
LaTeX Font Info:    Try loading font information for U+msb on input line 23.

(/usr/local/texlive/2017/texmf-dist/tex/latex/amsfonts/umsb.fd
File: umsb.fd 2013/01/14 v3.01 AMS symbols B
)
Underfull \hbox (badness 10000) in paragraph at lines 31--85

 []


Underfull \hbox (badness 10000) in paragraph at lines 31--85

 []


Underfull \hbox (badness 10000) in paragraph at lines 31--85

 []


Underfull \hbox (badness 10000) in paragraph at lines 31--85

 []


Underfull \hbox (badness 10000) in paragraph at lines 31--85

 []


Underfull \hbox (badness 10000) in paragraph at lines 86--293

 []


Underfull \hbox (badness 10000) in paragraph at lines 86--293

 []


Underfull \hbox (badness 10000) in paragraph at lines 86--293

 []


Underfull \hbox (badness 10000) in paragraph at lines 86--293

 []


Underfull \hbox (badness 10000) in paragraph at lines 86--293

 []


Underfull \hbox (badness 10000) in paragraph at lines 86--293

 []


Underfull \hbox (badness 10000) in paragraph at lines 86--293

 []


Underfull \hbox (badness 10000) in paragraph at lines 86--293

 []


Underfull \hbox (badness 10000) in paragraph at lines 86--293

 []

[1

{/usr/local/texlive/2017/texmf-var/fonts/map/pdftex/updmap/pdftex.map}]
[2] <5x5Path.png, id=15, 1063.975pt x 675.52374pt>
File: 5x5Path.png Graphic file (type png)
 <use 5x5Path.png>
Package pdftex.def Info: 5x5Path.png used on input line 303.
(pdftex.def)             Requested size: 284.52756pt x 180.64154pt.
 [3]
<5x5noPath.png, id=20, 583.17876pt x 367.3725pt>
File: 5x5noPath.png Graphic file (type png)
 <use 5x5noPath.png>
Package pdftex.def Info: 5x5noPath.png used on input line 310.
(pdftex.def)             Requested size: 284.52756pt x 179.24051pt.

<7x7Path.png, id=21, 583.17876pt x 371.3875pt>
File: 7x7Path.png Graphic file (type png)
 <use 7x7Path.png>
Package pdftex.def Info: 7x7Path.png used on input line 317.
(pdftex.def)             Requested size: 284.52756pt x 181.19942pt.
 [4 <./5x5Path.png> <./5x5noPath.png>] <7x7noPath.png, id=27, 585.18625pt x 372
.39125pt>
File: 7x7noPath.png Graphic file (type png)

<use 7x7noPath.png>
Package pdftex.def Info: 7x7noPath.png used on input line 324.
(pdftex.def)             Requested size: 284.52756pt x 181.0698pt.
 <9x9Path.png, id=28, 584.1825pt x 375.4025pt>
File: 9x9Path.png Graphic file (type png)

<use 9x9Path.png>
Package pdftex.def Info: 9x9Path.png used on input line 332.
(pdftex.def)             Requested size: 284.52756pt x 182.84329pt.
 [5 <./7x7Path.png> <./7x7noPath.png>]
<9x9noPath.png, id=34, 582.175pt x 374.39874pt>
File: 9x9noPath.png Graphic file (type png)
 <use 9x9noPath.png>
Package pdftex.def Info: 9x9noPath.png used on input line 339.
(pdftex.def)             Requested size: 284.52756pt x 182.98282pt.

<11x11Path.png, id=35, 581.17125pt x 375.4025pt>
File: 11x11Path.png Graphic file (type png)
 <use 11x11Path.png>
Package pdftex.def Info: 11x11Path.png used on input line 347.
(pdftex.def)             Requested size: 284.52756pt x 183.78844pt.
 [6 <./9x9Path.png> <./9x9noPath.png>] <11x11noPath.png, id=41, 581.17125pt x 3
67.3725pt>
File: 11x11noPath.png Graphic file (type png)

<use 11x11noPath.png>
Package pdftex.def Info: 11x11noPath.png used on input line 354.
(pdftex.def)             Requested size: 284.52756pt x 179.85713pt.
 [7 <./11x11Path.png> <./11x11noPath.png>]
<5x5restart.png, id=48, 761.84625pt x 503.8825pt>
File: 5x5restart.png Graphic file (type png)
 <use 5x5restart.png>
Package pdftex.def Info: 5x5restart.png used on input line 375.
(pdftex.def)             Requested size: 142.26378pt x 94.08562pt.

<5x5restart2.png, id=49, 755.82375pt x 508.90125pt>
File: 5x5restart2.png Graphic file (type png)
 <use 5x5restart2.png>
Package pdftex.def Info: 5x5restart2.png used on input line 381.
(pdftex.def)             Requested size: 142.26378pt x 95.7837pt.

<5x5restPath.png, id=50, 764.8575pt x 503.8825pt>
File: 5x5restPath.png Graphic file (type png)
 <use 5x5restPath.png>
Package pdftex.def Info: 5x5restPath.png used on input line 392.
(pdftex.def)             Requested size: 142.26378pt x 93.71655pt.

<5x5restPath2.png, id=51, 764.8575pt x 507.8975pt>
File: 5x5restPath2.png Graphic file (type png)
 <use 5x5restPath2.png>
Package pdftex.def Info: 5x5restPath2.png used on input line 398.
(pdftex.def)             Requested size: 142.26378pt x 94.4633pt.

<7x7restart.png, id=52, 754.82pt x 502.87875pt>
File: 7x7restart.png Graphic file (type png)
 <use 7x7restart.png>
Package pdftex.def Info: 7x7restart.png used on input line 409.
(pdftex.def)             Requested size: 142.26378pt x 94.77295pt.

<7x7restart2.png, id=53, 761.84625pt x 510.90875pt>
File: 7x7restart2.png Graphic file (type png)
 <use 7x7restart2.png>
Package pdftex.def Info: 7x7restart2.png used on input line 415.
(pdftex.def)             Requested size: 142.26378pt x 95.39757pt.

<7x7restPath.png, id=54, 762.85pt x 513.92pt>
File: 7x7restPath.png Graphic file (type png)
 <use 7x7restPath.png>
Package pdftex.def Info: 7x7restPath.png used on input line 426.
(pdftex.def)             Requested size: 142.26378pt x 95.83435pt.

<7x7restPath2.png, id=55, 767.86874pt x 504.88625pt>
File: 7x7restPath2.png Graphic file (type png)
 <use 7x7restPath2.png>
Package pdftex.def Info: 7x7restPath2.png used on input line 432.
(pdftex.def)             Requested size: 142.26378pt x 93.54115pt.

<9x9restart.png, id=56, 763.85374pt x 505.89pt>
File: 9x9restart.png Graphic file (type png)
 <use 9x9restart.png>
Package pdftex.def Info: 9x9restart.png used on input line 443.
(pdftex.def)             Requested size: 142.26378pt x 94.21344pt.

<9x9restart2.png, id=57, 759.83875pt x 514.92375pt>
File: 9x9restart2.png Graphic file (type png)
 <use 9x9restart2.png>
Package pdftex.def Info: 9x9restart2.png used on input line 449.
(pdftex.def)             Requested size: 142.26378pt x 96.40652pt.

[8 <./5x5restart.png> <./5x5restart2.png> <./5x5restPath.png> <./5x5restPath2.p
ng> <./7x7restart.png> <./7x7restart2.png> <./7x7restPath.png> <./7x7restPath2.
png>] <9x9restPath.png, id=69, 769.87625pt x 511.9125pt>
File: 9x9restPath.png Graphic file (type png)
 <use 9x9restPath.png>
Package pdftex.def Info: 9x9restPath.png used on input line 460.
(pdftex.def)             Requested size: 142.26378pt x 94.59297pt.

<9x9restPath2.png, id=70, 761.84625pt x 503.8825pt>
File: 9x9restPath2.png Graphic file (type png)
 <use 9x9restPath2.png>
Package pdftex.def Info: 9x9restPath2.png used on input line 466.
(pdftex.def)             Requested size: 142.26378pt x 94.08562pt.

<11x11restart.png, id=71, 768.8725pt x 504.88625pt>
File: 11x11restart.png Graphic file (type png)
 <use 11x11restart.png>
Package pdftex.def Info: 11x11restart.png used on input line 477.
(pdftex.def)             Requested size: 142.26378pt x 93.4179pt.

<11x11restart2.png, id=72, 761.84625pt x 510.90875pt>
File: 11x11restart2.png Graphic file (type png)
 <use 11x11restart2.png>
Package pdftex.def Info: 11x11restart2.png used on input line 483.
(pdftex.def)             Requested size: 142.26378pt x 95.39757pt.

<11x11restPath.png, id=73, 760.8425pt x 509.905pt>
File: 11x11restPath.png Graphic file (type png)
 <use 11x11restPath.png>
Package pdftex.def Info: 11x11restPath.png used on input line 494.
(pdftex.def)             Requested size: 142.26378pt x 95.3424pt.

<11x11restPath2.png, id=74, 768.8725pt x 503.8825pt>
File: 11x11restPath2.png Graphic file (type png)
 <use 11x11restPath2.png>
Package pdftex.def Info: 11x11restPath2.png used on input line 500.
(pdftex.def)             Requested size: 142.26378pt x 93.23218pt.

[9 <./9x9restart.png> <./9x9restart2.png> <./9x9restPath.png> <./9x9restPath2.p
ng> <./11x11restart.png> <./11x11restart2.png> <./11x11restPath.png> <./11x11re
stPath2.png>] <5x5down.png, id=86, 763.85374pt x 511.9125pt>
File: 5x5down.png Graphic file (type png)
 <use 5x5down.png>
Package pdftex.def Info: 5x5down.png used on input line 518.
(pdftex.def)             Requested size: 142.26378pt x 95.33502pt.

<5x5down2.png, id=87, 768.8725pt x 510.90875pt>
File: 5x5down2.png Graphic file (type png)
 <use 5x5down2.png>
Package pdftex.def Info: 5x5down2.png used on input line 524.
(pdftex.def)             Requested size: 142.26378pt x 94.53223pt.

<5x5downPath.png, id=88, 760.8425pt x 516.93124pt>
File: 5x5downPath.png Graphic file (type png)
 <use 5x5downPath.png>
Package pdftex.def Info: 5x5downPath.png used on input line 535.
(pdftex.def)             Requested size: 142.26378pt x 96.65617pt.

<5x5downPath2.png, id=89, 763.85374pt x 505.89pt>
File: 5x5downPath2.png Graphic file (type png)
 <use 5x5downPath2.png>
Package pdftex.def Info: 5x5downPath2.png used on input line 541.
(pdftex.def)             Requested size: 142.26378pt x 94.21344pt.

<7x7down.png, id=90, 765.86125pt x 511.9125pt>
File: 7x7down.png Graphic file (type png)
 <use 7x7down.png>
Package pdftex.def Info: 7x7down.png used on input line 552.
(pdftex.def)             Requested size: 142.26378pt x 95.08507pt.

<7x7down2.png, id=91, 766.865pt x 506.89375pt>
File: 7x7down2.png Graphic file (type png)
 <use 7x7down2.png>
Package pdftex.def Info: 7x7down2.png used on input line 558.
(pdftex.def)             Requested size: 142.26378pt x 94.02911pt.

<7x7downPath.png, id=92, 750.805pt x 508.90125pt>
File: 7x7downPath.png Graphic file (type png)
 <use 7x7downPath.png>
Package pdftex.def Info: 7x7downPath.png used on input line 569.
(pdftex.def)             Requested size: 142.26378pt x 96.42822pt.

<7x7downPath2.png, id=93, 755.82375pt x 513.92pt>
File: 7x7downPath2.png Graphic file (type png)
 <use 7x7downPath2.png>
Package pdftex.def Info: 7x7downPath2.png used on input line 575.
(pdftex.def)             Requested size: 142.26378pt x 96.72832pt.

<9x9down.png, id=94, 769.87625pt x 513.92pt>
File: 9x9down.png Graphic file (type png)
 <use 9x9down.png>
Package pdftex.def Info: 9x9down.png used on input line 586.
(pdftex.def)             Requested size: 142.26378pt x 94.96391pt.

<9x9down2.png, id=95, 760.8425pt x 503.8825pt>
File: 9x9down2.png Graphic file (type png)
 <use 9x9down2.png>
Package pdftex.def Info: 9x9down2.png used on input line 592.
(pdftex.def)             Requested size: 142.26378pt x 94.21632pt.
 [10 <./5x5down.png> <./5x5down2.png> <./5x5downPath.png> <./5x5downPath2.png> 
<./7x7down.png> <./7x7down2.png> <./7x7downPath.png> <./7x7downPath2.png>]
<9x9downPath.png, id=107, 762.85pt x 504.88625pt>
File: 9x9downPath.png Graphic file (type png)
 <use 9x9downPath.png>
Package pdftex.def Info: 9x9downPath.png used on input line 603.
(pdftex.def)             Requested size: 142.26378pt x 94.14977pt.

<9x9downPath2.png, id=108, 754.82pt x 505.89pt>
File: 9x9downPath2.png Graphic file (type png)
 <use 9x9downPath2.png>
Package pdftex.def Info: 9x9downPath2.png used on input line 609.
(pdftex.def)             Requested size: 142.26378pt x 95.34044pt.

<11x11down.png, id=109, 764.8575pt x 517.935pt>
File: 11x11down.png Graphic file (type png)
 <use 11x11down.png>
Package pdftex.def Info: 11x11down.png used on input line 620.
(pdftex.def)             Requested size: 142.26378pt x 96.33017pt.

<11x11down2.png, id=110, 761.84625pt x 503.8825pt>
File: 11x11down2.png Graphic file (type png)
 <use 11x11down2.png>
Package pdftex.def Info: 11x11down2.png used on input line 626.
(pdftex.def)             Requested size: 142.26378pt x 94.08562pt.

<11x11downPath.png, id=111, 757.83125pt x 506.89375pt>
File: 11x11downPath.png Graphic file (type png)
 <use 11x11downPath.png>
Package pdftex.def Info: 11x11downPath.png used on input line 637.
(pdftex.def)             Requested size: 142.26378pt x 95.15062pt.

<11x11downPath2.png, id=112, 754.82pt x 510.90875pt>
File: 11x11downPath2.png Graphic file (type png)
 <use 11x11downPath2.png>
Package pdftex.def Info: 11x11downPath2.png used on input line 643.
(pdftex.def)             Requested size: 142.26378pt x 96.28629pt.

[11 <./9x9down.png> <./9x9down2.png> <./9x9downPath.png> <./9x9downPath2.png> <
./11x11down.png> <./11x11down2.png> <./11x11downPath.png> <./11x11downPath2.png
>] <5x5lowIlowT.png, id=124, 757.83125pt x 508.90125pt>
File: 5x5lowIlowT.png Graphic file (type png)
 <use 5x5lowIlowT.png>
Package pdftex.def Info: 5x5lowIlowT.png used on input line 662.
(pdftex.def)             Requested size: 142.26378pt x 95.52745pt.

<5x5lowIlowTPath.png, id=125, 757.83125pt x 511.9125pt>
File: 5x5lowIlowTPath.png Graphic file (type png)

<use 5x5lowIlowTPath.png>
Package pdftex.def Info: 5x5lowIlowTPath.png used on input line 668.
(pdftex.def)             Requested size: 142.26378pt x 96.09271pt.

<5x5highIhighT.png, id=126, 764.8575pt x 508.90125pt>
File: 5x5highIhighT.png Graphic file (type png)
 <use 5x5highIhighT.png>
Package pdftex.def Info: 5x5highIhighT.png used on input line 681.
(pdftex.def)             Requested size: 142.26378pt x 94.65pt.

<5x5highIhighTPath.png, id=127, 758.835pt x 503.8825pt>
File: 5x5highIhighTPath.png Graphic file (type png)

<use 5x5highIhighTPath.png>
Package pdftex.def Info: 5x5highIhighTPath.png used on input line 687.
(pdftex.def)             Requested size: 142.26378pt x 94.46236pt.

<5x5lowIhighT.png, id=128, 759.83875pt x 512.91624pt>
File: 5x5lowIhighT.png Graphic file (type png)
 <use 5x5lowIhighT.png>
Package pdftex.def Info: 5x5lowIhighT.png used on input line 700.
(pdftex.def)             Requested size: 142.26378pt x 96.03067pt.

<5x5lowIhighTPath.png, id=129, 761.84625pt x 509.905pt>
File: 5x5lowIhighTPath.png Graphic file (type png)

<use 5x5lowIhighTPath.png>
Package pdftex.def Info: 5x5lowIhighTPath.png used on input line 706.
(pdftex.def)             Requested size: 142.26378pt x 95.21014pt.
File: 5x5highIhighT.png Graphic file (type png)
 <use 5x5highIhighT.png>
Package pdftex.def Info: 5x5highIhighT.png used on input line 719.
(pdftex.def)             Requested size: 142.26378pt x 94.65pt.
File: 5x5highIhighTPath.png Graphic file (type png)
 <use 5x5highIhighTPath.png>
Package pdftex.def Info: 5x5highIhighTPath.png used on input line 725.
(pdftex.def)             Requested size: 142.26378pt x 94.46236pt.

[12 <./5x5lowIlowT.png> <./5x5lowIlowTPath.png> <./5x5highIhighT.png> <./5x5hig
hIhighTPath.png> <./5x5lowIhighT.png> <./5x5lowIhighTPath.png>]
<7x7lowIlowT.png, id=139, 755.82375pt x 503.8825pt>
File: 7x7lowIlowT.png Graphic file (type png)
 <use 7x7lowIlowT.png>
Package pdftex.def Info: 7x7lowIlowT.png used on input line 738.
(pdftex.def)             Requested size: 142.26378pt x 94.8391pt.

<7x7lowIlowTPath.png, id=140, 757.83125pt x 506.89375pt>
File: 7x7lowIlowTPath.png Graphic file (type png)

<use 7x7lowIlowTPath.png>
Package pdftex.def Info: 7x7lowIlowTPath.png used on input line 744.
(pdftex.def)             Requested size: 142.26378pt x 95.15062pt.
 <7x7highIhighT.png, id=141, 747.79375pt x 505.89pt>
File: 7x7highIhighT.png Graphic file (type png)

<use 7x7highIhighT.png>
Package pdftex.def Info: 7x7highIhighT.png used on input line 757.
(pdftex.def)             Requested size: 142.26378pt x 96.24359pt.

<7x7highIhighTPath.png, id=142, 755.82375pt x 502.87875pt>
File: 7x7highIhighTPath.png Graphic file (type png)

<use 7x7highIhighTPath.png>
Package pdftex.def Info: 7x7highIhighTPath.png used on input line 763.
(pdftex.def)             Requested size: 142.26378pt x 94.65018pt.

<7x7lowIhighT.png, id=143, 757.83125pt x 506.89375pt>
File: 7x7lowIhighT.png Graphic file (type png)
 <use 7x7lowIhighT.png>
Package pdftex.def Info: 7x7lowIhighT.png used on input line 776.
(pdftex.def)             Requested size: 142.26378pt x 95.15062pt.

<7x7lowIhighTPath.png, id=144, 744.7825pt x 505.89pt>
File: 7x7lowIhighTPath.png Graphic file (type png)

<use 7x7lowIhighTPath.png>
Package pdftex.def Info: 7x7lowIhighTPath.png used on input line 782.
(pdftex.def)             Requested size: 142.26378pt x 96.62956pt.
File: 7x7highIhighT.png Graphic file (type png)
 <use 7x7highIhighT.png>
Package pdftex.def Info: 7x7highIhighT.png used on input line 795.
(pdftex.def)             Requested size: 142.26378pt x 96.24359pt.
File: 7x7highIhighTPath.png Graphic file (type png)
 <use 7x7highIhighTPath.png>
Package pdftex.def Info: 7x7highIhighTPath.png used on input line 801.
(pdftex.def)             Requested size: 142.26378pt x 94.65018pt.

[13 <./7x7lowIlowT.png> <./7x7lowIlowTPath.png> <./7x7highIhighT.png> <./7x7hig
hIhighTPath.png> <./7x7lowIhighT.png> <./7x7lowIhighTPath.png>]
<9x9lowIlowT.png, id=155, 757.83125pt x 504.88625pt>
File: 9x9lowIlowT.png Graphic file (type png)
 <use 9x9lowIlowT.png>
Package pdftex.def Info: 9x9lowIlowT.png used on input line 814.
(pdftex.def)             Requested size: 142.26378pt x 94.77379pt.

<9x9lowIlowTPath.png, id=156, 759.83875pt x 503.8825pt>
File: 9x9lowIlowTPath.png Graphic file (type png)

<use 9x9lowIlowTPath.png>
Package pdftex.def Info: 9x9lowIlowTPath.png used on input line 820.
(pdftex.def)             Requested size: 142.26378pt x 94.33934pt.

<9x9highIhighT.png, id=157, 757.83125pt x 507.8975pt>
File: 9x9highIhighT.png Graphic file (type png)
 <use 9x9highIhighT.png>
Package pdftex.def Info: 9x9highIhighT.png used on input line 833.
(pdftex.def)             Requested size: 142.26378pt x 95.33904pt.

<9x9highIhighTPath.png, id=158, 756.8275pt x 504.88625pt>
File: 9x9highIhighTPath.png Graphic file (type png)

<use 9x9highIhighTPath.png>
Package pdftex.def Info: 9x9highIhighTPath.png used on input line 839.
(pdftex.def)             Requested size: 142.26378pt x 94.90475pt.

<9x9lowIhighT.png, id=159, 761.84625pt x 504.88625pt>
File: 9x9lowIhighT.png Graphic file (type png)
 <use 9x9lowIhighT.png>
Package pdftex.def Info: 9x9lowIhighT.png used on input line 852.
(pdftex.def)             Requested size: 142.26378pt x 94.27303pt.

<9x9lowIhighTPath.png, id=160, 759.83875pt x 504.88625pt>
File: 9x9lowIhighTPath.png Graphic file (type png)

<use 9x9lowIhighTPath.png>
Package pdftex.def Info: 9x9lowIhighTPath.png used on input line 858.
(pdftex.def)             Requested size: 142.26378pt x 94.52725pt.
File: 9x9highIhighT.png Graphic file (type png)
 <use 9x9highIhighT.png>
Package pdftex.def Info: 9x9highIhighT.png used on input line 871.
(pdftex.def)             Requested size: 142.26378pt x 95.33904pt.
File: 9x9highIhighTPath.png Graphic file (type png)
 <use 9x9highIhighTPath.png>
Package pdftex.def Info: 9x9highIhighTPath.png used on input line 877.
(pdftex.def)             Requested size: 142.26378pt x 94.90475pt.

[14 <./9x9lowIlowT.png> <./9x9lowIlowTPath.png> <./9x9highIhighT.png> <./9x9hig
hIhighTPath.png> <./9x9lowIhighT.png> <./9x9lowIhighTPath.png>]
<11x11lowIlowT.png, id=170, 761.84625pt x 505.89pt>
File: 11x11lowIlowT.png Graphic file (type png)
 <use 11x11lowIlowT.png>
Package pdftex.def Info: 11x11lowIlowT.png used on input line 890.
(pdftex.def)             Requested size: 142.26378pt x 94.46045pt.

<11x11lowIlowTPath.png, id=171, 758.835pt x 512.91624pt>
File: 11x11lowIlowTPath.png Graphic file (type png)

<use 11x11lowIlowTPath.png>
Package pdftex.def Info: 11x11lowIlowTPath.png used on input line 896.
(pdftex.def)             Requested size: 142.26378pt x 96.1559pt.

<11x11highIhighT.png, id=172, 758.835pt x 503.8825pt>
File: 11x11highIhighT.png Graphic file (type png)

<use 11x11highIhighT.png>
Package pdftex.def Info: 11x11highIhighT.png used on input line 909.
(pdftex.def)             Requested size: 142.26378pt x 94.46236pt.

<11x11highIhighTPath.png, id=173, 758.835pt x 510.90875pt>
File: 11x11highIhighTPath.png Graphic file (type png)

<use 11x11highIhighTPath.png>
Package pdftex.def Info: 11x11highIhighTPath.png used on input line 915.
(pdftex.def)             Requested size: 142.26378pt x 95.77956pt.

<11x11lowIhighT.png, id=174, 761.84625pt x 504.88625pt>
File: 11x11lowIhighT.png Graphic file (type png)

<use 11x11lowIhighT.png>
Package pdftex.def Info: 11x11lowIhighT.png used on input line 928.
(pdftex.def)             Requested size: 142.26378pt x 94.27303pt.

<11x11lowIhighTPath.png, id=175, 757.83125pt x 504.88625pt>
File: 11x11lowIhighTPath.png Graphic file (type png)

<use 11x11lowIhighTPath.png>
Package pdftex.def Info: 11x11lowIhighTPath.png used on input line 934.
(pdftex.def)             Requested size: 142.26378pt x 94.77379pt.
File: 11x11highIhighT.png Graphic file (type png)
 <use 11x11highIhighT.png>
Package pdftex.def Info: 11x11highIhighT.png used on input line 947.
(pdftex.def)             Requested size: 142.26378pt x 94.46236pt.
File: 11x11highIhighTPath.png Graphic file (type png)

<use 11x11highIhighTPath.png>
Package pdftex.def Info: 11x11highIhighTPath.png used on input line 953.
(pdftex.def)             Requested size: 142.26378pt x 95.77956pt.
 [15 <./11x11lowIlowT.png> <./11x11lowIlowTPath.png> <./11x11highIhighT.png> <.
/11x11highIhighTPath.png> <./11x11lowIhighT.png> <./11x11lowIhighTPath.png>] [1
6] (./Assignment 1.aux)

LaTeX Warning: There were multiply-defined labels.

 ) 
Here is how much of TeX's memory you used:
 3775 strings out of 492995
 59582 string characters out of 6132704
 182270 words of memory out of 5000000
 7229 multiletter control sequences out of 15000+600000
 11044 words of font info for 42 fonts, out of 8000000 for 9000
 1141 hyphenation exceptions out of 8191
 42i,8n,40p,654b,440s stack positions out of 5000i,500n,10000p,200000b,80000s
</usr/local/texlive/2017/texmf-dist/fonts/type1/public/amsfonts/cm/cmbx12.pfb
></usr/local/texlive/2017/texmf-dist/fonts/type1/public/amsfonts/cm/cmex10.pfb>
</usr/local/texlive/2017/texmf-dist/fonts/type1/public/amsfonts/cm/cmmi10.pfb><
/usr/local/texlive/2017/texmf-dist/fonts/type1/public/amsfonts/cm/cmr10.pfb></u
sr/local/texlive/2017/texmf-dist/fonts/type1/public/amsfonts/cm/cmr12.pfb></usr
/local/texlive/2017/texmf-dist/fonts/type1/public/amsfonts/cm/cmr17.pfb>
Output written on "Assignment 1.pdf" (16 pages, 2122796 bytes).
PDF statistics:
 209 PDF objects out of 1000 (max. 8388607)
 56 compressed objects within 1 object stream
 0 named destinations out of 1000 (max. 500000)
 321 words of extra memory for PDF output out of 10000 (max. 10000000)

